<?xml version="1.0" encoding="UTF-8"?>
<!-- Generated by org.testng.reporters.JUnitXMLReporter -->
<testsuite hostname="lclmaclai008.clublabs.com" ignored="0" name="Surefire test" tests="4" failures="0" timestamp="22 Apr 2019 15:23:33 GMT" time="66.779" errors="0">
  <testcase name="runScenario" time="65.676" classname="cucumber.api.testng.AbstractTestNGCucumberTests"/>
  <testcase name="runScenario" time="66.442" classname="cucumber.api.testng.AbstractTestNGCucumberTests"/>
  <testcase name="runScenario" time="66.549" classname="cucumber.api.testng.AbstractTestNGCucumberTests"/>
  <testcase name="runScenario" time="66.583" classname="cucumber.api.testng.AbstractTestNGCucumberTests"/>
</testsuite> <!-- Surefire test -->
