<?xml version="1.0" encoding="UTF-8"?>
<testng-results skipped="0" failed="0" ignored="0" total="4" passed="4">
  <reporter-output>
  </reporter-output>
  <suite name="Surefire suite" duration-ms="9021" started-at="2019-04-23T16:13:18Z" finished-at="2019-04-23T16:13:27Z">
    <groups>
      <group name="cucumber">
        <method signature="AbstractTestNGCucumberTests.runScenario(cucumber.api.testng.PickleEventWrapper, cucumber.api.testng.CucumberFeatureWrapper)[pri:0, instance:runner.SingleRunnerForAllFeatures@36f6e879]" name="runScenario" class="cucumber.api.testng.AbstractTestNGCucumberTests"/>
      </group> <!-- cucumber -->
    </groups>
    <test name="Surefire test" duration-ms="9021" started-at="2019-04-23T16:13:18Z" finished-at="2019-04-23T16:13:27Z">
      <class name="runner.SingleRunnerForAllFeatures">
        <test-method status="PASS" signature="setUpClass()[pri:0, instance:runner.SingleRunnerForAllFeatures@36f6e879]" name="setUpClass" is-config="true" duration-ms="126" started-at="2019-04-23T16:13:18Z" finished-at="2019-04-23T16:13:18Z">
          <reporter-output>
          </reporter-output>
        </test-method> <!-- setUpClass -->
        <test-method status="PASS" signature="runScenario(cucumber.api.testng.PickleEventWrapper, cucumber.api.testng.CucumberFeatureWrapper)[pri:0, instance:runner.SingleRunnerForAllFeatures@36f6e879]" name="runScenario" duration-ms="7851" started-at="2019-04-23T16:13:18Z" description="Runs Cucumber Scenarios" data-provider="scenarios" finished-at="2019-04-23T16:13:26Z">
          <params>
            <param index="0">
              <value>
                <![CDATA["Shakedown for all clubs"]]>
              </value>
            </param>
            <param index="1">
              <value>
                <![CDATA["Shakedown"]]>
              </value>
            </param>
          </params>
          <reporter-output>
          </reporter-output>
        </test-method> <!-- runScenario -->
        <test-method status="PASS" signature="runScenario(cucumber.api.testng.PickleEventWrapper, cucumber.api.testng.CucumberFeatureWrapper)[pri:0, instance:runner.SingleRunnerForAllFeatures@36f6e879]" name="runScenario" duration-ms="8808" started-at="2019-04-23T16:13:18Z" description="Runs Cucumber Scenarios" data-provider="scenarios" finished-at="2019-04-23T16:13:27Z">
          <params>
            <param index="0">
              <value>
                <![CDATA["Shakedown for all clubs"]]>
              </value>
            </param>
            <param index="1">
              <value>
                <![CDATA["Shakedown"]]>
              </value>
            </param>
          </params>
          <reporter-output>
          </reporter-output>
        </test-method> <!-- runScenario -->
        <test-method status="PASS" signature="runScenario(cucumber.api.testng.PickleEventWrapper, cucumber.api.testng.CucumberFeatureWrapper)[pri:0, instance:runner.SingleRunnerForAllFeatures@36f6e879]" name="runScenario" duration-ms="7566" started-at="2019-04-23T16:13:18Z" description="Runs Cucumber Scenarios" data-provider="scenarios" finished-at="2019-04-23T16:13:25Z">
          <params>
            <param index="0">
              <value>
                <![CDATA["Shakedown for all clubs"]]>
              </value>
            </param>
            <param index="1">
              <value>
                <![CDATA["Shakedown"]]>
              </value>
            </param>
          </params>
          <reporter-output>
          </reporter-output>
        </test-method> <!-- runScenario -->
        <test-method status="PASS" signature="runScenario(cucumber.api.testng.PickleEventWrapper, cucumber.api.testng.CucumberFeatureWrapper)[pri:0, instance:runner.SingleRunnerForAllFeatures@36f6e879]" name="runScenario" duration-ms="7264" started-at="2019-04-23T16:13:18Z" description="Runs Cucumber Scenarios" data-provider="scenarios" finished-at="2019-04-23T16:13:25Z">
          <params>
            <param index="0">
              <value>
                <![CDATA["Shakedown for all clubs"]]>
              </value>
            </param>
            <param index="1">
              <value>
                <![CDATA["Shakedown"]]>
              </value>
            </param>
          </params>
          <reporter-output>
          </reporter-output>
        </test-method> <!-- runScenario -->
        <test-method status="PASS" signature="tearDownClass()[pri:0, instance:runner.SingleRunnerForAllFeatures@36f6e879]" name="tearDownClass" is-config="true" duration-ms="54" started-at="2019-04-23T16:13:27Z" finished-at="2019-04-23T16:13:27Z">
          <reporter-output>
          </reporter-output>
        </test-method> <!-- tearDownClass -->
      </class> <!-- runner.SingleRunnerForAllFeatures -->
    </test> <!-- Surefire test -->
  </suite> <!-- Surefire suite -->
</testng-results>
